<?xml version="1.0" encoding="UTF-8"?>
<testsuite xmlns:xsi="http://www.w3.org/2001/XMLSchema-instance" xsi:noNamespaceSchemaLocation="https://maven.apache.org/surefire/maven-surefire-plugin/xsd/surefire-test-report.xsd" name="examples.users.UsersRunner" time="5.785" tests="1" errors="0" skipped="0" failures="1">
  <properties>
[...]
</properties>
  <testcase name="testParallel" classname="examples.users.UsersRunner" time="5.773">
    <failure message="status code was: 404, expected: 200, response time in milliseconds: 517, url: https://api.coingecko.com/api/v3/coins/inacoin, response: &#10;{&quot;error&quot;:&quot;Could not find coin with the given id&quot;}&#10;src/test/java/examples/users/users.feature:31&#10;status code was: 404, expected: 200, response time in milliseconds: 361, url: https://api.coingecko.com/api/v3/exchanges/inahub, response: &#10;{&quot;error&quot;:&quot;exchange not found&quot;}&#10;src/test/java/examples/users/users.feature:43 ==&gt; expected: &lt;0&gt; but was: &lt;2&gt;" type="org.opentest4j.AssertionFailedError"><![CDATA[org.opentest4j.AssertionFailedError: 
status code was: 404, expected: 200, response time in milliseconds: 517, url: https://api.coingecko.com/api/v3/coins/inacoin, response: 
{"error":"Could not find coin with the given id"}
src/test/java/examples/users/users.feature:31
status code was: 404, expected: 200, response time in milliseconds: 361, url: https://api.coingecko.com/api/v3/exchanges/inahub, response: 
{"error":"exchange not found"}
src/test/java/examples/users/users.feature:43 ==> expected: <0> but was: <2>
	at examples.users.UsersRunner.testParallel(UsersRunner.java:19)
]]></failure>
    <system-out><![CDATA[20:01:01.424 [main] INFO  com.intuit.karate.Runner - using system property 'karate.options': c:\Users\Leolang\Downloads\maven\teste_api\src\test\java\examples\users\users.feature
20:01:02.018 [main] DEBUG com.intuit.karate.Suite - [config] classpath:karate-config.js
20:01:03.141 [pool-1-thread-4] INFO  com.intuit.karate - karate.env system property was: null 
20:01:03.140 [pool-1-thread-5] INFO  com.intuit.karate - karate.env system property was: null 
20:01:03.140 [pool-1-thread-2] INFO  com.intuit.karate - karate.env system property was: null 
20:01:03.141 [pool-1-thread-1] INFO  com.intuit.karate - karate.env system property was: null 
20:01:03.146 [pool-1-thread-3] INFO  com.intuit.karate - karate.env system property was: null 
20:01:03.559 [pool-1-thread-4] DEBUG com.intuit.karate - request:
1 > GET https://api.coingecko.com/api/v3/coins/inacoin
1 > Host: api.coingecko.com
1 > Connection: Keep-Alive
1 > User-Agent: Apache-HttpClient/4.5.13 (Java/14.0.2)
1 > Accept-Encoding: gzip,deflate


20:01:03.559 [pool-1-thread-2] DEBUG com.intuit.karate - request:
1 > GET https://api.coingecko.com/api/v3/coins/bitcoin/history?date=24-11-2020&localization=false
1 > Host: api.coingecko.com
1 > Connection: Keep-Alive
1 > User-Agent: Apache-HttpClient/4.5.13 (Java/14.0.2)
1 > Accept-Encoding: gzip,deflate


20:01:03.559 [pool-1-thread-3] DEBUG com.intuit.karate - request:
1 > GET https://api.coingecko.com/api/v3/simple/price?ids=ethereum&vs_currencies=usd
1 > Host: api.coingecko.com
1 > Connection: Keep-Alive
1 > User-Agent: Apache-HttpClient/4.5.13 (Java/14.0.2)
1 > Accept-Encoding: gzip,deflate


20:01:03.559 [pool-1-thread-1] DEBUG com.intuit.karate - request:
1 > GET https://api.coingecko.com/api/v3/ping
1 > Host: api.coingecko.com
1 > Connection: Keep-Alive
1 > User-Agent: Apache-HttpClient/4.5.13 (Java/14.0.2)
1 > Accept-Encoding: gzip,deflate


20:01:03.559 [pool-1-thread-5] DEBUG com.intuit.karate - request:
1 > GET https://api.coingecko.com/api/v3/exchanges/list
1 > Host: api.coingecko.com
1 > Connection: Keep-Alive
1 > User-Agent: Apache-HttpClient/4.5.13 (Java/14.0.2)
1 > Accept-Encoding: gzip,deflate


20:01:03.948 [pool-1-thread-2] DEBUG com.intuit.karate - response time in milliseconds: 353
1 < 200
1 < Date: Wed, 24 Nov 2021 23:02:04 GMT
1 < Content-Type: application/json; charset=utf-8
1 < Transfer-Encoding: chunked
1 < Connection: keep-alive
1 < Cache-Control: max-age=30, public, must-revalidate, s-maxage=1800
1 < Access-Control-Allow-Origin: *
1 < Access-Control-Allow-Methods: POST, PUT, DELETE, GET, OPTIONS
1 < Access-Control-Request-Method: *
1 < Access-Control-Allow-Headers: Origin, X-Requested-With, Content-Type, Accept, Authorization
1 < Access-Control-Expose-Headers: link, per-page, total
1 < Vary: Accept-Encoding, Origin
1 < ETag: W/"21f1589314dd7c74ca071f4c7838f061"
1 < X-Request-Id: ee5785a6-4700-405e-9201-39a0583f284f
1 < X-Runtime: 0.078522
1 < Alternate-Protocol: 443:npn-spdy/2
1 < CF-Cache-Status: HIT
1 < Age: 496
1 < Expect-CT: max-age=604800, report-uri="https://report-uri.cloudflare.com/cdn-cgi/beacon/expect-ct"
1 < Server: cloudflare
1 < CF-RAY: 6b364347df644d0f-GRU
{"symbol":"btc","image":{"small":"https:\/\/assets.coingecko.com\/coins\/images\/1\/small\/bitcoin.png?1547033579","thumb":"https:\/\/assets.coingecko.com\/coins\/images\/1\/thumb\/bitcoin.png?1547033579"},"market_data":{"total_volume":{"usd":3.33896838514282E10,"xdr":2.3410208531597256E10,"eos":9.911109227735348E9,"sgd":4.486237922277887E10,"vef":8296923815413780,"bnb":1.0820482110283976E9,"eth":5.497507979456068E7,"nzd":4.816351709611804E10,"brl":1.816732698356209E11,"xag":1.4161673458894577E9,"chf":3.0472794459851227E10,"mxn":6.711313766057214E11,"clp":2.584029780218699E13,"bits":1.8193578318563013E12,"zar":5.137169808961486E11,"vnd":7.780259527758484E14,"xau":1.8168328674077634E7,"aud":4.575244802520654E10,"ils":1.1190986608696242E11,"idr":4.7351491013463994E14,"xrp":5.484025461754753E10,"try":2.6307731906540292E11,"hkd":2.5885853251077512E11,"twd":9.527144938798883E11,"aed":1.2264698672306602E11,"eur":2.8196519542647923E10,"dkk":2.09928455052795E11,"bch":1.0284970871372919E8,"cad":4.365033369897206E10,"myr":1.3658050179426714E11,"dot":5.682695033464124E9,"link":2.1918369200299582E9,"mmk":4.363972399336958E13,"nok":3.013488084236961E11,"btc":1819357.8318563013,"lkr":6.189345927163903E12,"ngn":1.279868793263568E13,"czk":7.420022493883636E11,"pkr":5.37523428144979E12,"sek":2.88125925993906E11,"ltc":3.77480445761135E8,"uah":9.480692542831083E11,"bhd":1.2589313178710192E10,"ars":2.6810547155658916E12,"sar":1.2521689052005908E11,"inr":2.479021919053444E12,"cny":2.199044578455062E11,"thb":1.0133769048908466E12,"krw":3.719706011766413E13,"jpy":3.489322131525802E12,"bdt":2.8323597340418096E12,"pln":1.2605296820369872E11,"gbp":2.5050409971431E10,"bmd":3.33896838514282E10,"huf":1.0171326366318857E13,"xlm":2.578666967979181E11,"sats":1.8193578318563012E14,"kwd":1.0197142668858469E10,"php":1.6125674029052212E12,"yfi":1343362.1652626225,"rub":2.5375057867518325E12},"market_cap":{"usd":3.4063514671439825E11,"xdr":2.3882645469954626E11,"eos":1.0111123426368263E11,"sgd":4.576773831254651E11,"vef":84643624471477920,"bnb":1.1038848189032637E10,"eth":5.608452135929681E8,"nzd":4.913549581756775E11,"brl":1.853395833273042E12,"xag":1.4447467480844736E10,"chf":3.108776009325747E11,"mxn":6.846753504823841E12,"clp":2.6361775907067216E14,"bits":1.8552412E13,"zar":5.240842049774375E12,"vnd":7937271456377525,"xau":1.8534980238170567E8,"aud":4.667576942314321E11,"ils":1.1416829767823801E12,"idr":4830708239193735,"xrp":5.594697530118792E11,"try":2.6838643209627456E12,"hkd":2.6408250701753823E12,"twd":9.719410427596133E12,"aed":1.2512210209113276E12,"eur":2.8765548107561505E11,"dkk":2.141649810301427E12,"bch":1.0492529900290064E9,"cad":4.453123272997327E11,"myr":1.393368067635247E12,"dot":5.797376414435371E10,"link":2.2360699614605785E10,"mmk":4.45204089119324E14,"nok":3.074302710572809E12,"btc":1.8552412E7,"lkr":6.314251932862969E13,"ngn":1.3056975804515366E14,"czk":7.569764547860721E12,"pkr":5.4837108558234945E13,"sek":2.9394054016764224E12,"ltc":3.8509830639849186E9,"uah":9.672020584714918E12,"bhd":1.2843375698749017E11,"ars":2.7351605677064633E13,"sar":1.2774386862484966E12,"inr":2.5290505859906758E13,"cny":2.2434230762610293E12,"thb":1.0338276702781994E13,"krw":3.794772686948591E14,"jpy":3.5597394737094766E13,"bdt":2.8895190438049562E13,"pln":1.2859681903222236E12,"gbp":2.555594750115981E11,"bmd":3.4063514671439825E11,"huf":1.0376591957227692E14,"xlm":2.6307065525796797E12,"sats":1855241200000000,"kwd":1.0402929253628381E11,"php":1.645110317065733E13,"yfi":1.370472300040158E7,"rub":2.5887147054310105E13},"current_price":{"usd":18360.693300385865,"xdr":12873.067647459873,"eos":5450.031740545792,"sgd":24669.427518398417,"vef":4.562405388123006E9,"bnb":595.0087885625134,"eth":30.230312564908985,"nzd":26484.694182927673,"brl":99900.53224739953,"xag":778.7379603711224,"chf":16756.721494357425,"mxn":369049.237631411,"clp":1.4209352351094406E7,"bits":1000000.0,"zar":282488.44677308673,"vnd":4.2782962433011544E8,"xau":9.990604045538966,"aud":25158.868519706884,"ils":61538.250486372344,"idr":2.603816818639935E8,"xrp":30156.17338661297,"try":144663.9025137403,"hkd":142344.02891523665,"twd":523889.31571787724,"aed":67442.49863097734,"eur":15505.01794999028,"dkk":115437.80993551816,"bch":56.556149681723674,"cad":24002.934351594427,"myr":75104.41594522842,"dot":3124.8639877312835,"link":1205.2718328272242,"mmk":2.3997100167855483E7,"nok":165709.05769949526,"btc":1.0,"lkr":3403466.8553409493,"ngn":7037885.857922606,"czk":408020.5068678251,"pkr":2955794.0260401154,"sek":158437.91102075687,"ltc":207.57317506666615,"uah":521334.93934454006,"bhd":6922.752523364087,"ars":1474288.3931784523,"sar":68855.66611222824,"inr":1363192.3363876764,"cny":120923.52607634135,"thb":557247.0416667113,"krw":2.045433600196347E7,"jpy":1918747.5319702243,"bdt":1557489.691262223,"pln":69315.41787246983,"gbp":13774.999984454747,"bmd":18360.693300385865,"huf":5593122.854983865,"xlm":141798.62718549374,"sats":1.0E8,"kwd":5607.319012551242,"php":886736.6232842032,"yfi":0.7387030322742714,"rub":1395352.100541434}},"community_data":{"twitter_followers":72799,"facebook_likes":null,"reddit_subscribers":1775125,"reddit_average_posts_48h":7.667,"reddit_average_comments_48h":620.25,"reddit_accounts_active_48h":"7023.30769230769"},"name":"Bitcoin","id":"bitcoin","developer_data":{"forks":26685,"total_issues":5811,"pull_request_contributors":701,"code_additions_deletions_4_weeks":{"additions":9183,"deletions":-3448},"subscribers":3591,"commit_count_4_weeks":307,"pull_requests_merged":8063,"stars":46169,"closed_issues":5229},"public_interest_stats":{"bing_matches":null,"alexa_rank":9440}}
20:01:03.948 [pool-1-thread-5] DEBUG com.intuit.karate - response time in milliseconds: 338
1 < 200
1 < Date: Wed, 24 Nov 2021 23:02:04 GMT
1 < Content-Type: application/json; charset=utf-8
1 < Transfer-Encoding: chunked
1 < Connection: keep-alive
1 < Cache-Control: max-age=30, public, must-revalidate, s-maxage=300
1 < Access-Control-Allow-Origin: *
1 < Access-Control-Allow-Methods: POST, PUT, DELETE, GET, OPTIONS
1 < Access-Control-Request-Method: *
1 < Access-Control-Allow-Headers: Origin, X-Requested-With, Content-Type, Accept, Authorization
1 < Access-Control-Expose-Headers: link, per-page, total
1 < Vary: Accept-Encoding, Origin
1 < ETag: W/"0d9f4b98b9facbf187fab1a56f8b4fb5"
1 < X-Request-Id: 6b8f35dd-3ed9-4efc-8bc8-81eba7565325
1 < X-Runtime: 0.156977
1 < Alternate-Protocol: 443:npn-spdy/2
1 < CF-Cache-Status: HIT
1 < Age: 35
1 < Expect-CT: max-age=604800, report-uri="https://report-uri.cloudflare.com/cdn-cgi/beacon/expect-ct"
1 < Server: cloudflare
1 < CF-RAY: 6b364347ddf3f770-GRU
[{"name":"Aave","id":"aave"},{"name":"AAX","id":"aax"},{"name":"AAX Futures","id":"aax_futures"},{"name":"ABCC","id":"abcc"},{"name":"ACDX","id":"acdx"},{"name":"ACDX Futures","id":"acdx_futures"},{"name":"Acsi Finance","id":"acsi_finance"},{"name":"AEX","id":"aex"},{"name":"Allbit","id":"allbit"},{"name":"Allcoin","id":"allcoin"},{"name":"Alpha5","id":"alpha_five"},{"name":"AltcoinTrader","id":"altcointrader"},{"name":"AlterDice","id":"alterdice"},{"name":"Altmarkets","id":"altmarkets"},{"name":"Anyswap","id":"anyswap"},{"name":"ApeSwap","id":"apeswap"},{"name":"ApeSwap (Polygon)","id":"apeswap_polygon"},{"name":"Aprobit","id":"aprobit"},{"name":"Artis Turba","id":"artisturba"},{"name":"Atomars","id":"atomars"},{"name":"B2BX","id":"b2bx"},{"name":"Baguette","id":"baguette"},{"name":"Bakeryswap","id":"bakeryswap"},{"name":"Bakkt","id":"bakkt"},{"name":"Balanced Network","id":"balanced_network"},{"name":"Balancer (v2)","id":"balancer"},{"name":"Balancer (Arbitrum)","id":"balancer_arbitrum"},{"name":"Balancer (Polygon)","id":"balancer_polygon"},{"name":"Balancer (v1)","id":"balancer_v1"},{"name":"Bamboo Relay","id":"bamboo_relay"},{"name":"Bancor Network","id":"bancor"},{"name":"Bankera","id":"bankera"},{"name":"BaseFEX","id":"basefex"},{"name":"BCEX","id":"bcex"},{"name":"Beaxy","id":"beaxy"},{"name":"Beethoven X","id":"beethovenx"},{"name":"BepSwap","id":"bepswap"},{"name":"Bgogo","id":"bgogo"},{"name":"Bibo","id":"bibo"},{"name":"Bibox","id":"bibox"},{"name":"Bibox (Futures)","id":"bibox_futures"},{"name":"Biconomy","id":"biconomy"},{"name":"Bidesk","id":"bidesk"},{"name":"BigONE","id":"bigone"},{"name":"BigONE Futures","id":"bigone_futures"},{"name":"BiKi","id":"biki"},{"name":"Biki (Futures)","id":"biki_futures"},{"name":"Bilaxy","id":"bilaxy"},{"name":"Binance","id":"binance"},{"name":"Binance DEX","id":"binance_dex"},{"name":"Binance DEX (Mini)","id":"binance_dex_mini"},{"name":"Binance (Futures)","id":"binance_futures"},{"name":"Binance Jersey","id":"binance_jersey"},{"name":"Binance US","id":"binance_us"},{"name":"BiONE","id":"bione"},{"name":"Birake","id":"birake"},{"name":"Bisq","id":"bisq"},{"name":"Bit2c","id":"bit2c"},{"name":"Bitalong","id":"bitalong"},{"name":"Bitbank","id":"bitbank"},{"name":"BitBay","id":"bitbay"},{"name":"BitBNS","id":"bitbns"},{"name":"BITFRONT","id":"bitbox"},{"name":"Bitci","id":"bitci"},{"name":"FMFW.io","id":"bitcoin_com"},{"name":"Bit.com","id":"bit_com_futures"},{"name":"Bitcratic","id":"bitcratic"},{"name":"Bitex.la","id":"bitex"},{"name":"BITEXBOOK","id":"bitexbook"},{"name":"Bitexen","id":"bitexen"},{"name":"Bitexlive","id":"bitexlive"},{"name":"Bitfex","id":"bitfex"},{"name":"Bitfinex","id":"bitfinex"},{"name":"Bitfinex (Futures)","id":"bitfinex_futures"},{"name":"bitFlyer","id":"bitflyer"},{"name":"Bitflyer (Futures)","id":"bitflyer_futures"},{"name":"Bitforex","id":"bitforex"},{"name":"Bitforex (Futures)","id":"bitforex_futures"},{"name":"Bitget","id":"bitget"},{"name":"Bitget Futures","id":"bitget_futures"},{"name":"BitHash","id":"bithash"},{"name":"Bithumb Singapore","id":"bitholic"},{"name":"Bithumb","id":"bithumb"},{"name":"Bithumb (Futures)","id":"bithumb_futures"},{"name":"BitGlobal","id":"bithumb_global"},{"name":"Bitinfi","id":"bitinfi"},{"name":"Bitinka.com","id":"bitinka"},{"name":"BitKonan","id":"bitkonan"},{"name":"Bitkub","id":"bitkub"},{"name":"BitMart","id":"bitmart"},{"name":"AscendEX (BitMax)","id":"bitmax"},{"name":"AscendEX  (BitMax) (Futures)","id":"bitmax_futures"},{"name":"Bitmesh","id":"bitmesh"},{"name":"BitMEX","id":"bitmex"},{"name":"Bitoffer","id":"bitoffer"},{"name":"BitOnBay","id":"bitonbay"},{"name":"BitoPro","id":"bitopro"},{"name":"Bitpanda Pro","id":"bitpanda"},{"name":"BitRabbit","id":"bitrabbit"},{"name":"Bitrue","id":"bitrue"},{"name":"Bits Blockchain","id":"bits_blockchain"},{"name":"Bitsdaq","id":"bitsdaq"},{"name":"Bitso","id":"bitso"},{"name":"Bitsonic","id":"bitsonic"},{"name":"Bitstamp","id":"bitstamp"},{"name":"Bitsten","id":"bitsten"},{"name":"BitStorage","id":"bitstorage"},{"name":"Bittrex","id":"bittrex"},{"name":"Bitubu Exchange","id":"bitubu"},{"name":"Bitvavo","id":"bitvavo"},{"name":"BitZ","id":"bit_z"},{"name":"BitZ (Futures)","id":"bitz_futures"},{"name":"BKEX","id":"bkex"},{"name":"bleutrade","id":"bleutrade"},{"name":"Blockchain.com","id":"blockchain_com"},{"name":"Blockonix","id":"blockonix"},{"name":"BOA Exchange","id":"boa"},{"name":"Braziliex","id":"braziliex"},{"name":"BSCswap","id":"bscswap"},{"name":"BTC-Alpha","id":"btc_alpha"},{"name":"BTCBOX","id":"btcbox"},{"name":"BTCC","id":"btcc"},{"name":"Btc Exchange","id":"btc_exchange"},{"name":"BTCMarkets","id":"btcmarkets"},{"name":"BTCMEX","id":"btcmex"},{"name":"BTCNEXT","id":"btcnext"},{"name":"BTCSquare","id":"btcsquare"},{"name":"BTC Trade UA","id":"btc_trade_ua"},{"name":"BtcTurk PRO","id":"btcturk"},{"name":"BTSE","id":"btse"},{"name":"BTSE (Futures)","id":"btse_futures"},{"name":"BurgerSwap","id":"burgerswap"},{"name":"BuyUcoin","id":"buyucoin"},{"name":"Bvnex","id":"bvnex"},{"name":"BW.com","id":"bw"},{"name":"Bybit","id":"bybit"},{"name":"Bybit (spot)","id":"bybit_spot"},{"name":"C2CX","id":"c2cx"},{"name":"Catex","id":"catex"},{"name":"CBX","id":"cbx"},{"name":"C-CEX","id":"ccex"},{"name":"CEX.IO","id":"cex"},{"name":"ChainEX","id":"chainex"},{"name":"Changelly PRO","id":"changelly"},{"name":"CherrySwap","id":"cherryswap"},{"name":"Chiliz","id":"chiliz"},{"name":"CITEX","id":"citex"},{"name":"Clipper (Ethereum)","id":"clipper_ethereum"},{"name":"CME Bitcoin Futures","id":"cme_futures"},{"name":"CoinAsset","id":"coinasset"},{"name":"CoinBene","id":"coinbene"},{"name":"COINBIG","id":"coinbig"},{"name":"Coinbit","id":"coinbit"},{"name":"Coincheck","id":"coincheck"},{"name":"CoinDCX","id":"coindcx"},{"name":"Coindeal","id":"coindeal"},{"name":"CoinDirect","id":"coindirect"},{"name":"Coineal","id":"coineal"},{"name":"CoinEgg","id":"coin_egg"},{"name":"CoinEx","id":"coinex"},{"name":"Coinfalcon","id":"coinfalcon"},{"name":"Coinfield","id":"coinfield"},{"name":"CoinFLEX","id":"coinflex"},{"name":"CoinFLEX (Futures)","id":"coinflex_futures"},{"name":"Coinfloor","id":"coinfloor"},{"name":"Coingi","id":"coingi"},{"name":"CoinHe","id":"coinhe"},{"name":"Coinhub","id":"coinhub"},{"name":"CoinJar Exchange","id":"coinjar"},{"name":"Coinlim","id":"coinlim"},{"name":"Coinlist","id":"coinlist"},{"name":"CoinMargin","id":"coinmargin"},{"name":"CoinMetro","id":"coin_metro"},{"name":"Coinone","id":"coinone"},{"name":"Coinpark","id":"coinpark"},{"name":"Coinplace","id":"coinplace"},{"name":"Coinsbank","id":"coinsbank"},{"name":"Coinsbit","id":"coinsbit"},{"name":"Coinsuper","id":"coinsuper"},{"name":"CoinTiger","id":"cointiger"},{"name":"CoinTiger (Futures)","id":"cointiger_futures"},{"name":"COINX.PRO","id":"coinxpro"},{"name":"Coinzo","id":"coinzo"},{"name":"Coinzoom","id":"coinzoom"},{"name":"ComethSwap","id":"comethswap"},{"name":"Compound Finance","id":"compound_finance"},{"name":"C-Patex","id":"c_patex"},{"name":"CPDAX","id":"cpdax"},{"name":"CREX24","id":"crex24"},{"name":"CRXzone","id":"crxzone"},{"name":"CryptalDash","id":"cryptaldash"},{"name":"Cryptex","id":"cryptex"},{"name":"Cryptlocex","id":"cryptlocex"},{"name":"Crypto.com Exchange","id":"crypto_com"},{"name":"Crypto.com Exchange (Futures)","id":"crypto_com_futures"},{"name":"Cryptology","id":"cryptology"},{"name":"CryTrEx","id":"crytrex"},{"name":"C-Trade","id":"c_trade"},{"name":"Currency.com","id":"currency"},{"name":"Curve Finance","id":"curve"},{"name":"Cybex DEX","id":"cybex"},{"name":"Darb Finance","id":"darb_finance"},{"name":"Daybit","id":"daybit"},{"name":"Dcoin","id":"dcoin"},{"name":"DDEX","id":"ddex"},{"name":"Decoin","id":"decoin"},{"name":"Defi Kingdoms","id":"defi_kingdoms"},{"name":"DeFi Swap","id":"defi_swap"},{"name":"Delta Exchange (Futures)","id":"delta_futures"},{"name":"Delta Exchange","id":"delta_spot"},{"name":"Demex","id":"dem_exchange"},{"name":"Deribit","id":"deribit"},{"name":"Deversifi ","id":"deversifi"},{"name":"dex.blue","id":"dex_blue"},{"name":"Dex-Trade","id":"dextrade"},{"name":"DFX","id":"dfx"},{"name":"DFX (Polygon)","id":"dfx_polygon"},{"name":"Dfyn","id":"dfyn"},{"name":"Digifinex","id":"digifinex"},{"name":"DMM (Ethereum)","id":"dmm"},{"name":"DMM (Avalanche)","id":"dmm_avalanche"},{"name":"DMM (BSC)","id":"dmm_bsc"},{"name":"DMM (Polygon)","id":"dmm_polygon"},{"name":"Dobitrade","id":"dobitrade"},{"name":"DODO","id":"dodo"},{"name":"Dodo (Arbitrum)","id":"dodo_arbitrum"},{"name":"Dodo BSC","id":"dodo_bsc"},{"name":"Dodo (Polygon)","id":"dodo_polygon"},{"name":"Dolomite","id":"dolomite"},{"name":"Dove Wallet","id":"dove_wallet"},{"name":"DragonEx","id":"dragonex"},{"name":"DSX Global","id":"dsx"},{"name":"DueDEX","id":"duedex"},{"name":"dYdX","id":"dydx"},{"name":"dYdX Perpetual","id":"dydx_perpetual"},{"name":"Ecxx","id":"ecxx"},{"name":"Elitex","id":"elitex"},{"name":"Emirex","id":"emirex"},{"name":"EQONEX","id":"equos"},{"name":"EQONEX (Perpetual)","id":"equos_perpetual"},{"name":"Eterbase","id":"eterbase"},{"name":"EtherFlyer","id":"etherflyer"},{"name":"Ethex","id":"ethex"},{"name":"eToroX","id":"etorox"},{"name":"Everbloom","id":"everbloom"},{"name":"ExMarkets","id":"exmarkets"},{"name":"EXMO","id":"exmo"},{"name":"EXNCE","id":"exnce"},{"name":"Exrates","id":"exrates"},{"name":"FatBTC","id":"fatbtc"},{"name":"FEX","id":"fex"},{"name":"FinanceX","id":"financex"},{"name":"FinexBox","id":"finexbox"},{"name":"Firebird Finance (Polygon)","id":"firebird_finance_polygon"},{"name":"Float SV","id":"floatsv"},{"name":"Flybit","id":"flybit"},{"name":"ForkDelta","id":"forkdelta"},{"name":"Freiexchange","id":"freiexchange"},{"name":"FTX (Derivatives)","id":"ftx"},{"name":"FTX","id":"ftx_spot"},{"name":"FTX.US","id":"ftx_us"},{"name":"Futureswap","id":"futureswap"},{"name":"Gate.io","id":"gate"},{"name":"Gate.io (Futures)","id":"gate_futures"},{"name":"Global Blockchain Exchange","id":"gbx"},{"name":"GDAC","id":"gdac"},{"name":"Coinbase Exchange","id":"gdax"},{"name":"Gemini","id":"gemini"},{"name":"GetBTC","id":"getbtc"},{"name":"GMO Japan","id":"gmo_japan"},{"name":"GMO Japan (Futures)","id":"gmo_japan_futures"},{"name":"Gobaba","id":"gobaba"},{"name":"GokuMarket","id":"goku"},{"name":"GoPax","id":"gopax"},{"name":"Graviex","id":"graviex"},{"name":"Hanbitco","id":"hanbitco"},{"name":"BHEX","id":"hbtc"},{"name":"BHEX (Futures)","id":"hbtc_futures"},{"name":"Hb.top","id":"hb_top"},{"name":"HitBTC","id":"hitbtc"},{"name":"Honeyswap","id":"honeyswap"},{"name":"Honeyswap (Polygon)","id":"honeyswap_polygon"},{"name":"Hoo.com","id":"hoo"},{"name":"Hopex","id":"hopex"},{"name":"Hotbit","id":"hotbit"},{"name":"HPX","id":"hpx"},{"name":"Hubi","id":"hubi"},{"name":"Huobi Global","id":"huobi"},{"name":"Huobi Futures","id":"huobi_dm"},{"name":"Huobi Indonesia","id":"huobi_id"},{"name":"Huobi Japan","id":"huobi_japan"},{"name":"Huobi Korea","id":"huobi_korea"},{"name":"Huobi Thailand","id":"huobi_thailand"},{"name":"Ice3x","id":"ice3x"},{"name":"IDCM","id":"idcm"},{"name":"Idex","id":"idex"},{"name":"IncoreX","id":"incorex"},{"name":"Independent Reserve","id":"independent_reserve"},{"name":"Indodax","id":"indodax"},{"name":"Infinity Coin","id":"infinity_coin"},{"name":"Instant Bitex","id":"instantbitex"},{"name":"IQFinex","id":"iqfinex"},{"name":"itBit","id":"itbit"},{"name":"Binance JEX","id":"jex"},{"name":"Binance JEX (Futures)","id":"jex_futures"},{"name":"Joyso","id":"joyso"},{"name":"Julswap","id":"julswap"},{"name":"SunSwap","id":"justswap"},{"name":"Kaidex","id":"kaidex"},{"name":"Katana","id":"katana"},{"name":"Kava Swap","id":"kava"},{"name":"KickEX","id":"kickex"},{"name":"KKCoin","id":"kkcoin"},{"name":"KKEX","id":"k_kex"},{"name":"Korbit","id":"korbit"},{"name":"Kraken","id":"kraken"},{"name":"Kraken (Futures)","id":"kraken_futures"},{"name":"KuCoin","id":"kucoin"},{"name":"KuCoin Futures","id":"kumex"},{"name":"Kuna Exchange","id":"kuna"},{"name":"Kuswap","id":"kuswap"},{"name":"Kyber Network","id":"kyber_network"},{"name":"LakeBTC","id":"lakebtc"},{"name":"LATOKEN","id":"latoken"},{"name":"LBank","id":"lbank"},{"name":"LCX Exchange","id":"lcx"},{"name":"Leverj","id":"leverj"},{"name":"Levinswap (xDai)","id":"levinswap_xdai"},{"name":"Liquid Perpetuals","id":"liquid_derivatives"},{"name":"LocalTrade","id":"localtrade"},{"name":"Loopring","id":"loopring"},{"name":"Loopring AMM","id":"loopring_amm"},{"name":"Luaswap","id":"luaswap"},{"name":"Lucent","id":"lucent"},{"name":"Lukki","id":"lukki"},{"name":"Luno","id":"luno"},{"name":"Lykke","id":"lykke"},{"name":"Max Maicoin","id":"max_maicoin"},{"name":"MCDEX (Arbitrum)","id":"mcdex"},{"name":"MCDEX (BSC)","id":"mcdex_bsc"},{"name":"Mdex","id":"mdex"},{"name":"Mdex BSC","id":"mdex_bsc"},{"name":"Mercado Bitcoin","id":"mercado_bitcoin"},{"name":"Mercatox","id":"mercatox"},{"name":"MercuriEx","id":"mercuriex"},{"name":"Mimo","id":"mimo"},{"name":"Terraswap","id":"mirror"},{"name":"Mooniswap","id":"mooniswap"},{"name":"Multi.io","id":"multi"},{"name":"MEXC Global","id":"mxc"},{"name":"MEXC Global (Futures)","id":"mxc_futures"},{"name":"MCS","id":"mycoinstory"},{"name":"Namebase","id":"namebase"},{"name":"Nami.Exchange","id":"nami_exchange"},{"name":"Nanu Exchange","id":"nanu_exchange"},{"name":"Narkasa","id":"narkasa"},{"name":"Nash","id":"nash"},{"name":"Neblidex","id":"neblidex"},{"name":"Negociecoins","id":"negociecoins"},{"name":"Neraex","id":"neraex"},{"name":"Newdex","id":"newdex"},{"name":"Nexus Mutual","id":"nexus_mutual"},{"name":"NiceHash","id":"nice_hash"},{"name":"Niftex","id":"niftex"},{"name":"NLexch","id":"nlexch"},{"name":"Nominex","id":"nominex"},{"name":"NovaDAX","id":"novadax"},{"name":"OasisDEX","id":"oasis_trade"},{"name":"Oceanex","id":"oceanex"},{"name":"Okcoin","id":"okcoin"},{"name":"OKEx","id":"okex"},{"name":"OKEx (Futures)","id":"okex_swap"},{"name":"Omgfin","id":"omgfin"},{"name":"OmniTrade","id":"omnitrade"},{"name":"1inch","id":"one_inch"},{"name":"1inch Liquidity Protocol","id":"one_inch_liquidity_protocol"},{"name":"1inch Liquidity Protocol (BSC)","id":"one_inch_liquidity_protocol_bsc"},{"name":"Oolongswap","id":"oolongswap"},{"name":"OpenOcean","id":"openocean_finance"},{"name":"Orca","id":"orca"},{"name":"Orderbook.io","id":"orderbook"},{"name":"Osmosis","id":"osmosis"},{"name":"OTCBTC","id":"otcbtc"},{"name":"Ovex","id":"ovex"},{"name":"P2PB2B","id":"p2pb2b"},{"name":"Paintswap","id":"paintswap"},{"name":"PancakeSwap (v2)","id":"pancakeswap_new"},{"name":"Pancakeswap (Others)","id":"pancakeswap_others"},{"name":"PancakeSwap (v1)","id":"pancakeswap_v1"},{"name":"Pangolin","id":"pangolin"},{"name":"PantherSwap","id":"pantherswap"},{"name":"Paribu","id":"paribu"},{"name":"Paro Exchange","id":"paroexchange"},{"name":"Paymium","id":"paymium"},{"name":"Perpetual Protocol","id":"perpetual_protocol"},{"name":"Phemex","id":"phemex"},{"name":"Phemex (Futures)","id":"phemex_futures"},{"name":"PinkSwap","id":"pinkswap"},{"name":"Polkaswap","id":"polkaswap"},{"name":"Poloniex","id":"poloniex"},{"name":"Poloniex Futures","id":"poloniex_futures"},{"name":"Polyient Dex","id":"polyient_dex"},{"name":"PolyZap","id":"polyzap"},{"name":"Prime XBT","id":"prime_xbt"},{"name":"ProBit Global","id":"probit"},{"name":"Probit (Korea)","id":"probit_kr"},{"name":"qTrade","id":"qtrade"},{"name":"Quickswap","id":"quickswap"},{"name":"Quipuswap","id":"quipuswap"},{"name":"Liquid","id":"quoine"},{"name":"Radar Relay","id":"radar_relay"},{"name":"Raydium","id":"raydium"},{"name":"Ref Finance","id":"ref_finance"},{"name":"Resfinex","id":"resfinex"},{"name":"Rfinex","id":"rfinex"},{"name":"Saber","id":"saber"},{"name":"SafeTrade","id":"safe_trade"},{"name":"SakeSwap","id":"sakeswap"},{"name":"Sashimiswap","id":"sashimiswap"},{"name":"SatoExchange","id":"satoexchange"},{"name":"SecondBTC","id":"secondbtc"},{"name":"SecretSwap","id":"secretswap"},{"name":"Serum DEX","id":"serum_dex"},{"name":"Shibaswap","id":"shibaswap"},{"name":"Shortex","id":"shortex"},{"name":"Siennaswap","id":"siennaswap"},{"name":"Simex","id":"simex"},{"name":"SINEGY","id":"sinegy"},{"name":"Sistemkoin","id":"sistemkoin"},{"name":"6x","id":"six_x"},{"name":"Solarbeam","id":"solarbeam"},{"name":"SouthXchange","id":"south_xchange"},{"name":"SpiritSwap","id":"spiritswap"},{"name":"Spookyswap","id":"spookyswap"},{"name":"StakeCube Exchange","id":"stake_cube"},{"name":"StellarTerm","id":"stellar_term"},{"name":"STEX","id":"stocks_exchange"},{"name":"Stormgain","id":"stormgain"},{"name":"Stormgain Futures","id":"stormgain_futures"},{"name":"Sushiswap","id":"sushiswap"},{"name":"Sushiswap (Arbitrum One)","id":"sushiswap_arbitrum"},{"name":"Sushiswap (BSC)","id":"sushiswap_bsc"},{"name":"Sushiswap Celo","id":"sushiswap_celo"},{"name":"Sushiswap (Fantom)","id":"sushiswap_fantom"},{"name":"Sushiswap (Harmony)","id":"sushiswap_harmony"},{"name":"Sushiswap (Polygon POS)","id":"sushiswap_polygon"},{"name":"Sushiswap (xDai)","id":"sushiswap_xdai"},{"name":"Swapr","id":"swapr"},{"name":"Swapr (Arbitrum)","id":"swapr_arbitrum"},{"name":"Swapr (Ethereum)","id":"swapr_ethereum"},{"name":"Swiftex","id":"swiftex"},{"name":"Switcheo","id":"switcheo"},{"name":"Swop.Fi","id":"swop_fi"},{"name":"Kwenta","id":"synthetix"},{"name":"Satang Pro","id":"tdax"},{"name":"TheRockTrading","id":"therocktrading"},{"name":"Thodex","id":"thodex"},{"name":"THORSwap","id":"thorswap"},{"name":"Tidebit","id":"tidebit"},{"name":"Tidex","id":"tidex"},{"name":"Tokenize","id":"tokenize"},{"name":"Tokenlon","id":"tokenlon"},{"name":"Tokenomy","id":"tokenomy"},{"name":"TokenSets","id":"token_sets"},{"name":"TokensNet","id":"tokens_net"},{"name":"TokoCrypto","id":"toko_crypto"},{"name":"TOKOK","id":"tokok"},{"name":"Tokpie","id":"tokpie"},{"name":"TomoDEX","id":"tomodex"},{"name":"TopBTC","id":"topbtc"},{"name":"TradeOgre","id":"trade_ogre"},{"name":"Trader Joe","id":"traderjoe"},{"name":"TronTrade","id":"tron_trade"},{"name":"PoloniDEX","id":"trx_market"},{"name":"Txbit","id":"txbit"},{"name":"Ubeswap","id":"ubeswap"},{"name":"Unicly","id":"unicly"},{"name":"Uniswap (v3)","id":"uniswap"},{"name":"Uniswap (Arbitrum One)","id":"uniswap_arbitrum"},{"name":"Uniswap (Optimism)","id":"uniswap_optimism"},{"name":"Uniswap (v1)","id":"uniswap_v1"},{"name":"Uniswap (v2)","id":"uniswap_v2"},{"name":"Unnamed","id":"unnamed"},{"name":"Upbit","id":"upbit"},{"name":"Upbit Indonesia ","id":"upbit_indonesia"},{"name":"Value Liquid","id":"value_liquid"},{"name":"vSwap BSC","id":"value_liquid_bsc"},{"name":"VB","id":"vb"},{"name":"VCC Exchange","id":"vcc"},{"name":"Vebitcoin","id":"vebitcoin"},{"name":"Velic","id":"velic"},{"name":"Vindax","id":"vindax"},{"name":"Vinex","id":"vinex"},{"name":"ViperSwap","id":"viperswap"},{"name":"Virgox","id":"virgox"},{"name":"ViteX","id":"vitex"},{"name":"VVS Finance","id":"vvs_finance"},{"name":"WaultSwap","id":"wault_swap"},{"name":"WaultSwap Polygon","id":"waultswap_polygon"},{"name":"Waves.Exchange","id":"waves"},{"name":"WazirX","id":"wazirx"},{"name":"WhaleEx","id":"whale_ex"},{"name":"WhiteBIT","id":"whitebit"},{"name":"WOO Network","id":"wootrade"},{"name":"XCOEX","id":"xcoex"},{"name":"xFutures","id":"xfutures"},{"name":"XT.COM","id":"xt"},{"name":"YoBit","id":"yobit"},{"name":"Yunex.io","id":"yunex"},{"name":"Zaif","id":"zaif"},{"name":"ZB","id":"zb"},{"name":"ZBG","id":"zbg"},{"name":"ZBG Futures","id":"zbg_futures"},{"name":"ZBX","id":"zbx"},{"name":"Zebitex","id":"zebitex"},{"name":"ZebPay","id":"zebpay"},{"name":"0x Protocol","id":"zero_ex"},{"name":"Zero Exchange","id":"zero_exchange"},{"name":"ZG.com","id":"zg"},{"name":"ZG.TOP","id":"zgtop"},{"name":"ZilSwap","id":"zilswap"},{"name":"Zipmex","id":"zipmex"},{"name":"ZKSwap (v1)","id":"zkswap"},{"name":"ZKSwap (v2)","id":"zkswap_v2"}]
20:01:03.988 [pool-1-thread-5] INFO  com.intuit.karate - karate.env system property was: null 
20:01:04.002 [pool-1-thread-5] DEBUG com.intuit.karate - request:
1 > GET https://api.coingecko.com/api/v3/exchanges/inahub
1 > Host: api.coingecko.com
1 > Connection: Keep-Alive
1 > User-Agent: Apache-HttpClient/4.5.13 (Java/14.0.2)
1 > Accept-Encoding: gzip,deflate


20:01:04.045 [pool-1-thread-3] DEBUG com.intuit.karate - response time in milliseconds: 485
1 < 200
1 < Date: Wed, 24 Nov 2021 23:02:04 GMT
1 < Content-Type: application/json; charset=utf-8
1 < Transfer-Encoding: chunked
1 < Connection: keep-alive
1 < Cache-Control: max-age=30, public, must-revalidate, s-maxage=60
1 < Access-Control-Allow-Origin: *
1 < Access-Control-Allow-Methods: POST, PUT, DELETE, GET, OPTIONS
1 < Access-Control-Request-Method: *
1 < Access-Control-Allow-Headers: Origin, X-Requested-With, Content-Type, Accept, Authorization
1 < Access-Control-Expose-Headers: link, per-page, total
1 < Vary: Accept-Encoding, Origin
1 < ETag: W/"06c761a87335693e98aee50829db3ccd"
1 < X-Request-Id: beb6e446-61f7-47f2-a1e2-65bfe101a543
1 < X-Runtime: 0.004282
1 < Alternate-Protocol: 443:npn-spdy/2
1 < CF-Cache-Status: EXPIRED
1 < Expect-CT: max-age=604800, report-uri="https://report-uri.cloudflare.com/cdn-cgi/beacon/expect-ct"
1 < Server: cloudflare
1 < CF-RAY: 6b364347db0ff3d3-GRU
{"ethereum":{"usd":4248.46}}
20:01:04.076 [pool-1-thread-4] DEBUG com.intuit.karate - response time in milliseconds: 517
1 < 404
1 < Date: Wed, 24 Nov 2021 23:02:04 GMT
1 < Content-Type: application/json; charset=utf-8
1 < Transfer-Encoding: chunked
1 < Connection: keep-alive
1 < Access-Control-Allow-Origin: *
1 < Access-Control-Allow-Methods: POST, PUT, DELETE, GET, OPTIONS
1 < Access-Control-Request-Method: *
1 < Access-Control-Allow-Headers: Origin, X-Requested-With, Content-Type, Accept, Authorization
1 < Access-Control-Expose-Headers: link, per-page, total
1 < Vary: Accept-Encoding, Origin
1 < Cache-Control: no-cache
1 < X-Request-Id: 81de046a-9725-412f-bf1e-91c31033139f
1 < X-Runtime: 0.011602
1 < CF-Cache-Status: MISS
1 < Expect-CT: max-age=604800, report-uri="https://report-uri.cloudflare.com/cdn-cgi/beacon/expect-ct"
1 < Server: cloudflare
1 < CF-RAY: 6b364347ec3f79b4-GRU
{"error":"Could not find coin with the given id"}
20:01:04.078 [pool-1-thread-4] ERROR com.intuit.karate - src/test/java/examples/users/users.feature:31
Then status 200
status code was: 404, expected: 200, response time in milliseconds: 517, url: https://api.coingecko.com/api/v3/coins/inacoin, response: 
{"error":"Could not find coin with the given id"}
src/test/java/examples/users/users.feature:31
20:01:04.364 [pool-1-thread-5] DEBUG com.intuit.karate - response time in milliseconds: 361
1 < 404
1 < Date: Wed, 24 Nov 2021 23:02:05 GMT
1 < Content-Type: application/json; charset=utf-8
1 < Transfer-Encoding: chunked
1 < Connection: keep-alive
1 < Access-Control-Allow-Origin: *
1 < Access-Control-Allow-Methods: POST, PUT, DELETE, GET, OPTIONS
1 < Access-Control-Request-Method: *
1 < Access-Control-Allow-Headers: Origin, X-Requested-With, Content-Type, Accept, Authorization
1 < Access-Control-Expose-Headers: link, per-page, total
1 < Vary: Accept-Encoding, Origin
1 < Cache-Control: no-cache
1 < X-Request-Id: 23c28474-f96b-4a5d-a62b-7bdf894db285
1 < X-Runtime: 0.086114
1 < CF-Cache-Status: MISS
1 < Expect-CT: max-age=604800, report-uri="https://report-uri.cloudflare.com/cdn-cgi/beacon/expect-ct"
1 < Server: cloudflare
1 < CF-RAY: 6b3643495adacfdc-GRU
{"error":"exchange not found"}
20:01:04.367 [pool-1-thread-5] ERROR com.intuit.karate - src/test/java/examples/users/users.feature:43
Then status 200
status code was: 404, expected: 200, response time in milliseconds: 361, url: https://api.coingecko.com/api/v3/exchanges/inahub, response: 
{"error":"exchange not found"}
src/test/java/examples/users/users.feature:43
20:01:06.183 [pool-1-thread-1] DEBUG com.intuit.karate - response time in milliseconds: 2624
1 < 200
1 < Date: Wed, 24 Nov 2021 23:02:07 GMT
1 < Content-Type: application/json; charset=utf-8
1 < Transfer-Encoding: chunked
1 < Connection: keep-alive
1 < Access-Control-Allow-Origin: *
1 < Access-Control-Allow-Methods: POST, PUT, DELETE, GET, OPTIONS
1 < Access-Control-Request-Method: *
1 < Access-Control-Allow-Headers: Origin, X-Requested-With, Content-Type, Accept, Authorization
1 < Access-Control-Expose-Headers: link, per-page, total
1 < Vary: Accept-Encoding, Origin
1 < ETag: W/"3b03394e3a12ad2b5113efa4ed9b93d5"
1 < Cache-Control: max-age=0, private, must-revalidate
1 < X-Request-Id: 179117e9-218f-4aee-9cc6-3466bd3ad9f0
1 < X-Runtime: 0.003998
1 < Alternate-Protocol: 443:npn-spdy/2
1 < CF-Cache-Status: MISS
1 < Expect-CT: max-age=604800, report-uri="https://report-uri.cloudflare.com/cdn-cgi/beacon/expect-ct"
1 < Server: cloudflare
1 < CF-RAY: 6b364347d912f3bf-GRU
{"gecko_says":"(V3) To the Moon!"}
---------------------------------------------------------
feature: src/test/java/examples/users/users.feature
scenarios:  6 | passed:  4 | failed:  2 | time: 6,5878
---------------------------------------------------------

20:01:06.857 [pool-2-thread-1] INFO  com.intuit.karate.Suite - <<fail>> feature 1 of 1 (0 remaining) src/test/java/examples/users/users.feature
Karate version: 1.0.1
======================================================
elapsed:   5,44 | threads:    5 | thread time: 6,59 
features:     1 | skipped:    0 | efficiency: 0,24
scenarios:    6 | passed:     4 | failed: 2
======================================================
>>> failed features:
status code was: 404, expected: 200, response time in milliseconds: 517, url: https://api.coingecko.com/api/v3/coins/inacoin, response: 
{"error":"Could not find coin with the given id"}
src/test/java/examples/users/users.feature:31
status code was: 404, expected: 200, response time in milliseconds: 361, url: https://api.coingecko.com/api/v3/exchanges/inahub, response: 
{"error":"exchange not found"}
src/test/java/examples/users/users.feature:43
<<<

HTML report: (paste into browser to view) | Karate version: 1.0.1
file:///c:/Users/Leolang/Downloads/maven/teste_api/target/karate-reports/karate-summary.html
===================================================================

]]></system-out>
  </testcase>
</testsuite>